<?xml version="1.0" encoding="UTF-8"?>
<!-- Generated by org.testng.reporters.JUnitReportReporter -->
<testsuite skipped="0" hostname="DESKTOP-HUDNDMF" name="com.org.testcases.BankManagerLoginTest" tests="1" failures="0" timestamp="2020-03-26T18:02:37 IST" time="2.375" errors="0">
  <testcase name="bankMngLogin" time="2.375" classname="com.org.testcases.BankManagerLoginTest"/>
  <system-out>
Bank Manager Logged in successfully :)  </system-out>
</testsuite> <!-- com.org.testcases.BankManagerLoginTest -->
