<?xml version="1.0" encoding="UTF-8"?>
<!-- Generated by org.testng.reporters.JUnitReportReporter -->
<testsuite skipped="1" hostname="DESKTOP-HUDNDMF" name="com.org.testcases.AddCustomerTest" tests="1" failures="0" timestamp="2020-03-26T18:02:37 IST" time="0.000" errors="0">
  <testcase name="addCustomer" time="0.000" classname="com.org.testcases.AddCustomerTest">
    <skipped/>
  </testcase> <!-- addCustomer -->
  <system-out/>
</testsuite> <!-- com.org.testcases.AddCustomerTest -->
