<?xml version="1.0" encoding="UTF-8"?>
<!-- Generated by org.testng.reporters.JUnitReportReporter -->
<testsuite skipped="1" hostname="DESKTOP-HUDNDMF" name="com.org.testcases.OpenAccountTest" tests="1" failures="0" timestamp="2020-04-02T23:27:04 IST" time="0.005" errors="0">
  <testcase name="openAccountTest" time="0.005" classname="com.org.testcases.OpenAccountTest">
    <skipped/>
  </testcase> <!-- openAccountTest -->
  <system-out>
OPENACCOUNTTEST is Skipped  </system-out>
</testsuite> <!-- com.org.testcases.OpenAccountTest -->
