<?xml version="1.0" encoding="UTF-8"?>
<!-- Generated by org.testng.reporters.JUnitReportReporter -->
<testsuite skipped="0" hostname="DESKTOP-HUDNDMF" name="com.org.testcases.BankManagerLoginTest" tests="1" failures="0" timestamp="2020-04-02T23:27:04 IST" time="18.471" errors="0">
  <testcase name="bankMngLogin" time="18.471" classname="com.org.testcases.BankManagerLoginTest"/>
  <system-out>
Assertion Verify Error <br> expected [xyz] but found [abc] <br> <a href=error1.jpg target="_blank"><img src=error1.jpg height=200 width=200></img></a> <br> Bank Manager Logged in successfully :) BANKMNGLOGIN is Passed  </system-out>
</testsuite> <!-- com.org.testcases.BankManagerLoginTest -->
